<?xml version="1.0" encoding="UTF-8" ?>
<testsuite errors="1" failures="0" hostname="taz.gomes.br" name="negocio.service.ArquivoServiceTest" tests="1" time="1.357" timestamp="2009-07-31T16:54:12">
  <properties>
[...]
</properties>
  <testcase classname="negocio.service.ArquivoServiceTest" name="testGravar" time="1.287">
    <error message="
Exception Description: No transaction is currently active" type="java.lang.IllegalStateException">java.lang.IllegalStateException: 
Exception Description: No transaction is currently active
	at oracle.toplink.essentials.internal.ejb.cmp3.transaction.base.EntityTransactionImpl.rollback(EntityTransactionImpl.java:140)
	at persistencia.jpa.DaoGenericoJpa.salvar(DaoGenericoJpa.java:98)
	at negocio.service.ArquivoService.gravar(ArquivoService.java:24)
	at negocio.service.ArquivoServiceTest.testGravar(ArquivoServiceTest.java:53)
</error>
  </testcase>
  <system-out><![CDATA[[TopLink Info]: 2009.07.31 01:54:13.250--ServerSession(1798675483)--TopLink, version: Oracle TopLink Essentials - 2.0.1 (Build b09d-fcs (12/06/2007))
[TopLink Info]: 2009.07.31 01:54:13.388--ServerSession(1798675483)--file:/data/NetBeansProjects/InctcCommons2/build/classes/-InctcCommons2PU login successful
[TopLink Warning]: 2009.07.31 01:54:13.436--UnitOfWork(1323057605)--Exception [TOPLINK-4002] (Oracle TopLink Essentials - 2.0.1 (Build b09d-fcs (12/06/2007))): oracle.toplink.essentials.exceptions.DatabaseException
Internal Exception: org.postgresql.util.PSQLException: ERROR: duplicate key value violates unique constraint "arquivo_pkey"
Error Code: 0
Call: INSERT INTO ARQUIVO (ID, NOME, TIPO) VALUES (?, ?, ?)
	bind => [2, Nome Teste, Tipo Teste]
Query: InsertObjectQuery(negocio.entidade.Arquivo[id=2])
]]></system-out>
  <system-err><![CDATA[javax.persistence.RollbackException: Exception [TOPLINK-4002] (Oracle TopLink Essentials - 2.0.1 (Build b09d-fcs (12/06/2007))): oracle.toplink.essentials.exceptions.DatabaseException
Internal Exception: org.postgresql.util.PSQLException: ERROR: duplicate key value violates unique constraint "arquivo_pkey"
Error Code: 0
Call: INSERT INTO ARQUIVO (ID, NOME, TIPO) VALUES (?, ?, ?)
	bind => [2, Nome Teste, Tipo Teste]
Query: InsertObjectQuery(negocio.entidade.Arquivo[id=2])
	at oracle.toplink.essentials.internal.ejb.cmp3.transaction.base.EntityTransactionImpl.commit(EntityTransactionImpl.java:120)
	at oracle.toplink.essentials.internal.ejb.cmp3.transaction.EntityTransactionImpl.commit(EntityTransactionImpl.java:60)
	at persistencia.jpa.DaoGenericoJpa.salvar(DaoGenericoJpa.java:95)
	at negocio.service.ArquivoService.gravar(ArquivoService.java:24)
	at negocio.service.ArquivoServiceTest.testGravar(ArquivoServiceTest.java:53)
	at sun.reflect.NativeMethodAccessorImpl.invoke0(Native Method)
	at sun.reflect.NativeMethodAccessorImpl.invoke(NativeMethodAccessorImpl.java:39)
	at sun.reflect.DelegatingMethodAccessorImpl.invoke(DelegatingMethodAccessorImpl.java:25)
	at java.lang.reflect.Method.invoke(Method.java:597)
	at org.junit.runners.model.FrameworkMethod$1.runReflectiveCall(FrameworkMethod.java:44)
	at org.junit.internal.runners.model.ReflectiveCallable.run(ReflectiveCallable.java:15)
	at org.junit.runners.model.FrameworkMethod.invokeExplosively(FrameworkMethod.java:41)
	at org.junit.internal.runners.statements.InvokeMethod.evaluate(InvokeMethod.java:20)
	at org.junit.internal.runners.statements.RunBefores.evaluate(RunBefores.java:28)
	at org.junit.internal.runners.statements.RunAfters.evaluate(RunAfters.java:31)
	at org.junit.runners.BlockJUnit4ClassRunner.runChild(BlockJUnit4ClassRunner.java:73)
	at org.junit.runners.BlockJUnit4ClassRunner.runChild(BlockJUnit4ClassRunner.java:46)
	at org.junit.runners.ParentRunner.runChildren(ParentRunner.java:180)
	at org.junit.runners.ParentRunner.access$000(ParentRunner.java:41)
	at org.junit.runners.ParentRunner$1.evaluate(ParentRunner.java:173)
	at org.junit.internal.runners.statements.RunBefores.evaluate(RunBefores.java:28)
	at org.junit.internal.runners.statements.RunAfters.evaluate(RunAfters.java:31)
	at org.junit.runners.ParentRunner.run(ParentRunner.java:220)
	at junit.framework.JUnit4TestAdapter.run(JUnit4TestAdapter.java:39)
	at org.apache.tools.ant.taskdefs.optional.junit.JUnitTestRunner.run(JUnitTestRunner.java:515)
	at org.apache.tools.ant.taskdefs.optional.junit.JUnitTestRunner.launch(JUnitTestRunner.java:1031)
	at org.apache.tools.ant.taskdefs.optional.junit.JUnitTestRunner.main(JUnitTestRunner.java:888)
Caused by: Exception [TOPLINK-4002] (Oracle TopLink Essentials - 2.0.1 (Build b09d-fcs (12/06/2007))): oracle.toplink.essentials.exceptions.DatabaseException
Internal Exception: org.postgresql.util.PSQLException: ERROR: duplicate key value violates unique constraint "arquivo_pkey"
Error Code: 0
Call: INSERT INTO ARQUIVO (ID, NOME, TIPO) VALUES (?, ?, ?)
	bind => [2, Nome Teste, Tipo Teste]
Query: InsertObjectQuery(negocio.entidade.Arquivo[id=2])
	at oracle.toplink.essentials.exceptions.DatabaseException.sqlException(DatabaseException.java:311)
	at oracle.toplink.essentials.internal.databaseaccess.DatabaseAccessor.executeDirectNoSelect(DatabaseAccessor.java:654)
	at oracle.toplink.essentials.internal.databaseaccess.DatabaseAccessor.executeNoSelect(DatabaseAccessor.java:703)
	at oracle.toplink.essentials.internal.databaseaccess.DatabaseAccessor.basicExecuteCall(DatabaseAccessor.java:492)
	at oracle.toplink.essentials.internal.databaseaccess.DatabaseAccessor.executeCall(DatabaseAccessor.java:452)
	at oracle.toplink.essentials.internal.sessions.AbstractSession.executeCall(AbstractSession.java:690)
	at oracle.toplink.essentials.internal.queryframework.DatasourceCallQueryMechanism.executeCall(DatasourceCallQueryMechanism.java:228)
	at oracle.toplink.essentials.internal.queryframework.DatasourceCallQueryMechanism.executeCall(DatasourceCallQueryMechanism.java:214)
	at oracle.toplink.essentials.internal.queryframework.DatasourceCallQueryMechanism.insertObject(DatasourceCallQueryMechanism.java:346)
	at oracle.toplink.essentials.internal.queryframework.StatementQueryMechanism.insertObject(StatementQueryMechanism.java:191)
	at oracle.toplink.essentials.internal.queryframework.StatementQueryMechanism.insertObject(StatementQueryMechanism.java:205)
	at oracle.toplink.essentials.internal.queryframework.DatabaseQueryMechanism.insertObjectForWrite(DatabaseQueryMechanism.java:564)
	at oracle.toplink.essentials.queryframework.InsertObjectQuery.executeCommit(InsertObjectQuery.java:89)
	at oracle.toplink.essentials.internal.queryframework.DatabaseQueryMechanism.performUserDefinedWrite(DatabaseQueryMechanism.java:750)
	at oracle.toplink.essentials.internal.queryframework.DatabaseQueryMechanism.performUserDefinedInsert(DatabaseQueryMechanism.java:714)
	at oracle.toplink.essentials.internal.queryframework.DatabaseQueryMechanism.insertObjectForWriteWithChangeSet(DatabaseQueryMechanism.java:602)
	at oracle.toplink.essentials.queryframework.WriteObjectQuery.executeCommitWithChangeSet(WriteObjectQuery.java:162)
	at oracle.toplink.essentials.internal.queryframework.DatabaseQueryMechanism.executeWriteWithChangeSet(DatabaseQueryMechanism.java:390)
	at oracle.toplink.essentials.queryframework.WriteObjectQuery.executeDatabaseQuery(WriteObjectQuery.java:109)
	at oracle.toplink.essentials.queryframework.DatabaseQuery.execute(DatabaseQuery.java:628)
	at oracle.toplink.essentials.queryframework.DatabaseQuery.executeInUnitOfWork(DatabaseQuery.java:555)
	at oracle.toplink.essentials.queryframework.ObjectLevelModifyQuery.executeInUnitOfWorkObjectLevelModifyQuery(ObjectLevelModifyQuery.java:138)
	at oracle.toplink.essentials.queryframework.ObjectLevelModifyQuery.executeInUnitOfWork(ObjectLevelModifyQuery.java:110)
	at oracle.toplink.essentials.internal.sessions.UnitOfWorkImpl.internalExecuteQuery(UnitOfWorkImpl.java:2233)
	at oracle.toplink.essentials.internal.sessions.AbstractSession.executeQuery(AbstractSession.java:952)
	at oracle.toplink.essentials.internal.sessions.AbstractSession.executeQuery(AbstractSession.java:909)
	at oracle.toplink.essentials.internal.sessions.CommitManager.commitNewObjectsForClassWithChangeSet(CommitManager.java:269)
	at oracle.toplink.essentials.internal.sessions.CommitManager.commitAllObjectsWithChangeSet(CommitManager.java:190)
	at oracle.toplink.essentials.internal.sessions.AbstractSession.writeAllObjectsWithChangeSet(AbstractSession.java:2657)
	at oracle.toplink.essentials.internal.sessions.UnitOfWorkImpl.commitToDatabase(UnitOfWorkImpl.java:1044)
	at oracle.toplink.essentials.internal.ejb.cmp3.base.RepeatableWriteUnitOfWork.commitToDatabase(RepeatableWriteUnitOfWork.java:403)
	at oracle.toplink.essentials.internal.sessions.UnitOfWorkImpl.commitToDatabaseWithChangeSet(UnitOfWorkImpl.java:1126)
	at oracle.toplink.essentials.internal.ejb.cmp3.base.RepeatableWriteUnitOfWork.commitRootUnitOfWork(RepeatableWriteUnitOfWork.java:107)
	at oracle.toplink.essentials.internal.sessions.UnitOfWorkImpl.commitAndResume(UnitOfWorkImpl.java:856)
	at oracle.toplink.essentials.internal.ejb.cmp3.transaction.base.EntityTransactionImpl.commit(EntityTransactionImpl.java:102)
	... 26 more
Caused by: org.postgresql.util.PSQLException: ERROR: duplicate key value violates unique constraint "arquivo_pkey"
	at org.postgresql.core.v3.QueryExecutorImpl.receiveErrorResponse(QueryExecutorImpl.java:2062)
	at org.postgresql.core.v3.QueryExecutorImpl.processResults(QueryExecutorImpl.java:1795)
	at org.postgresql.core.v3.QueryExecutorImpl.execute(QueryExecutorImpl.java:257)
	at org.postgresql.jdbc2.AbstractJdbc2Statement.execute(AbstractJdbc2Statement.java:479)
	at org.postgresql.jdbc2.AbstractJdbc2Statement.executeWithFlags(AbstractJdbc2Statement.java:367)
	at org.postgresql.jdbc2.AbstractJdbc2Statement.executeUpdate(AbstractJdbc2Statement.java:321)
	at oracle.toplink.essentials.internal.databaseaccess.DatabaseAccessor.executeDirectNoSelect(DatabaseAccessor.java:647)
	... 59 more
]]></system-err>
</testsuite>
