<?xml version="1.0" encoding="UTF-8" ?>
<testsuite errors="0" failures="0" hostname="taz.gomes.br" name="br.com.marcelo.dao.imp.DaoGenericoTest" tests="2" time="1.097" timestamp="2009-08-16T16:11:39">
  <properties>
[...]
</properties>
  <testcase classname="br.com.marcelo.dao.imp.DaoGenericoTest" name="testSetEntityManager" time="0.878" />
  <testcase classname="br.com.marcelo.dao.imp.DaoGenericoTest" name="testSalvar" time="0.141" />
  <system-out><![CDATA[]]></system-out>
  <system-err><![CDATA[Aug 16, 2009 1:11:39 PM org.hibernate.cfg.annotations.Version <clinit>
INFO: Hibernate Annotations 3.3.1.GA
Aug 16, 2009 1:11:39 PM org.hibernate.cfg.Environment <clinit>
INFO: Hibernate 3.2.5
Aug 16, 2009 1:11:39 PM org.hibernate.cfg.Environment <clinit>
INFO: hibernate.properties not found
Aug 16, 2009 1:11:39 PM org.hibernate.cfg.Environment buildBytecodeProvider
INFO: Bytecode provider name : cglib
Aug 16, 2009 1:11:39 PM org.hibernate.cfg.Environment <clinit>
INFO: using JDK 1.4 java.sql.Timestamp handling
Aug 16, 2009 1:11:40 PM org.hibernate.ejb.Version <clinit>
INFO: Hibernate EntityManager 3.3.2.GA
Aug 16, 2009 1:11:40 PM org.hibernate.cfg.AnnotationBinder bindClass
INFO: Binding entity from annotated class: br.com.marcelo.entities.Pesquisador
Aug 16, 2009 1:11:40 PM org.hibernate.cfg.annotations.QueryBinder bindQuery
INFO: Binding Named query: Pesquisador.findAll => SELECT p FROM Pesquisador p
Aug 16, 2009 1:11:40 PM org.hibernate.cfg.annotations.QueryBinder bindQuery
INFO: Binding Named query: Pesquisador.findById => SELECT p FROM Pesquisador p WHERE p.id = :id
Aug 16, 2009 1:11:40 PM org.hibernate.cfg.annotations.QueryBinder bindQuery
INFO: Binding Named query: Pesquisador.findByEmail => SELECT p FROM Pesquisador p WHERE p.email = :email
Aug 16, 2009 1:11:40 PM org.hibernate.cfg.annotations.QueryBinder bindQuery
INFO: Binding Named query: Pesquisador.findByFone => SELECT p FROM Pesquisador p WHERE p.fone = :fone
Aug 16, 2009 1:11:40 PM org.hibernate.cfg.annotations.QueryBinder bindQuery
INFO: Binding Named query: Pesquisador.findByNome => SELECT p FROM Pesquisador p WHERE p.nome = :nome
Aug 16, 2009 1:11:40 PM org.hibernate.cfg.annotations.QueryBinder bindQuery
INFO: Binding Named query: Pesquisador.findBySenha => SELECT p FROM Pesquisador p WHERE p.senha = :senha
Aug 16, 2009 1:11:40 PM org.hibernate.cfg.annotations.EntityBinder bindTable
INFO: Bind entity br.com.marcelo.entities.Pesquisador on table pesquisador
Aug 16, 2009 1:11:40 PM org.hibernate.cfg.AnnotationConfiguration secondPassCompile
INFO: Hibernate Validator not found: ignoring
Aug 16, 2009 1:11:40 PM org.hibernate.connection.DriverManagerConnectionProvider configure
INFO: Using Hibernate built-in connection pool (not for production use!)
Aug 16, 2009 1:11:40 PM org.hibernate.connection.DriverManagerConnectionProvider configure
INFO: Hibernate connection pool size: 20
Aug 16, 2009 1:11:40 PM org.hibernate.connection.DriverManagerConnectionProvider configure
INFO: autocommit mode: true
Aug 16, 2009 1:11:40 PM org.hibernate.connection.DriverManagerConnectionProvider configure
INFO: using driver: org.postgresql.Driver at URL: jdbc:postgresql://localhost/inctc
Aug 16, 2009 1:11:40 PM org.hibernate.connection.DriverManagerConnectionProvider configure
INFO: connection properties: {user=marcelo, password=****, autocommit=true, release_mode=auto}
Aug 16, 2009 1:11:40 PM org.hibernate.cfg.SettingsFactory buildSettings
INFO: RDBMS: PostgreSQL, version: 8.4.0
Aug 16, 2009 1:11:40 PM org.hibernate.cfg.SettingsFactory buildSettings
INFO: JDBC driver: PostgreSQL Native Driver, version: PostgreSQL 8.3 JDBC3 with SSL (build 603)
Aug 16, 2009 1:11:40 PM org.hibernate.dialect.Dialect <init>
INFO: Using dialect: org.hibernate.dialect.PostgreSQLDialect
Aug 16, 2009 1:11:40 PM org.hibernate.transaction.TransactionFactoryFactory buildTransactionFactory
INFO: Transaction strategy: org.hibernate.transaction.JDBCTransactionFactory
Aug 16, 2009 1:11:40 PM org.hibernate.transaction.TransactionManagerLookupFactory getTransactionManagerLookup
INFO: No TransactionManagerLookup configured (in JTA environment, use of read-write or transactional second-level cache is not recommended)
Aug 16, 2009 1:11:40 PM org.hibernate.cfg.SettingsFactory buildSettings
INFO: Automatic flush during beforeCompletion(): disabled
Aug 16, 2009 1:11:40 PM org.hibernate.cfg.SettingsFactory buildSettings
INFO: Automatic session close at end of transaction: disabled
Aug 16, 2009 1:11:40 PM org.hibernate.cfg.SettingsFactory buildSettings
INFO: JDBC batch size: 15
Aug 16, 2009 1:11:40 PM org.hibernate.cfg.SettingsFactory buildSettings
INFO: JDBC batch updates for versioned data: disabled
Aug 16, 2009 1:11:40 PM org.hibernate.cfg.SettingsFactory buildSettings
INFO: Scrollable result sets: enabled
Aug 16, 2009 1:11:40 PM org.hibernate.cfg.SettingsFactory buildSettings
INFO: JDBC3 getGeneratedKeys(): disabled
Aug 16, 2009 1:11:40 PM org.hibernate.cfg.SettingsFactory buildSettings
INFO: Connection release mode: auto
Aug 16, 2009 1:11:40 PM org.hibernate.cfg.SettingsFactory buildSettings
INFO: Default batch fetch size: 1
Aug 16, 2009 1:11:40 PM org.hibernate.cfg.SettingsFactory buildSettings
INFO: Generate SQL with comments: disabled
Aug 16, 2009 1:11:40 PM org.hibernate.cfg.SettingsFactory buildSettings
INFO: Order SQL updates by primary key: disabled
Aug 16, 2009 1:11:40 PM org.hibernate.cfg.SettingsFactory buildSettings
INFO: Order SQL inserts for batching: disabled
Aug 16, 2009 1:11:40 PM org.hibernate.cfg.SettingsFactory createQueryTranslatorFactory
INFO: Query translator: org.hibernate.hql.ast.ASTQueryTranslatorFactory
Aug 16, 2009 1:11:40 PM org.hibernate.hql.ast.ASTQueryTranslatorFactory <init>
INFO: Using ASTQueryTranslatorFactory
Aug 16, 2009 1:11:40 PM org.hibernate.cfg.SettingsFactory buildSettings
INFO: Query language substitutions: {}
Aug 16, 2009 1:11:40 PM org.hibernate.cfg.SettingsFactory buildSettings
INFO: JPA-QL strict compliance: enabled
Aug 16, 2009 1:11:40 PM org.hibernate.cfg.SettingsFactory buildSettings
INFO: Second-level cache: enabled
Aug 16, 2009 1:11:40 PM org.hibernate.cfg.SettingsFactory buildSettings
INFO: Query cache: disabled
Aug 16, 2009 1:11:40 PM org.hibernate.cfg.SettingsFactory createCacheProvider
INFO: Cache provider: org.hibernate.cache.NoCacheProvider
Aug 16, 2009 1:11:40 PM org.hibernate.cfg.SettingsFactory buildSettings
INFO: Optimize cache for minimal puts: disabled
Aug 16, 2009 1:11:40 PM org.hibernate.cfg.SettingsFactory buildSettings
INFO: Structured second-level cache entries: disabled
Aug 16, 2009 1:11:40 PM org.hibernate.cfg.SettingsFactory buildSettings
INFO: Statistics: disabled
Aug 16, 2009 1:11:40 PM org.hibernate.cfg.SettingsFactory buildSettings
INFO: Deleted entity synthetic identifier rollback: disabled
Aug 16, 2009 1:11:40 PM org.hibernate.cfg.SettingsFactory buildSettings
INFO: Default entity-mode: pojo
Aug 16, 2009 1:11:40 PM org.hibernate.cfg.SettingsFactory buildSettings
INFO: Named query checking : enabled
Aug 16, 2009 1:11:40 PM org.hibernate.impl.SessionFactoryImpl <init>
INFO: building session factory
Aug 16, 2009 1:11:40 PM org.hibernate.impl.SessionFactoryObjectFactory addInstance
INFO: Not binding factory to JNDI, no JNDI name configured
Aug 16, 2009 1:11:40 PM org.hibernate.cfg.AnnotationBinder bindClass
INFO: Binding entity from annotated class: br.com.marcelo.entities.Pesquisador
Aug 16, 2009 1:11:40 PM org.hibernate.cfg.annotations.QueryBinder bindQuery
INFO: Binding Named query: Pesquisador.findAll => SELECT p FROM Pesquisador p
Aug 16, 2009 1:11:40 PM org.hibernate.cfg.annotations.QueryBinder bindQuery
INFO: Binding Named query: Pesquisador.findById => SELECT p FROM Pesquisador p WHERE p.id = :id
Aug 16, 2009 1:11:40 PM org.hibernate.cfg.annotations.QueryBinder bindQuery
INFO: Binding Named query: Pesquisador.findByEmail => SELECT p FROM Pesquisador p WHERE p.email = :email
Aug 16, 2009 1:11:40 PM org.hibernate.cfg.annotations.QueryBinder bindQuery
INFO: Binding Named query: Pesquisador.findByFone => SELECT p FROM Pesquisador p WHERE p.fone = :fone
Aug 16, 2009 1:11:40 PM org.hibernate.cfg.annotations.QueryBinder bindQuery
INFO: Binding Named query: Pesquisador.findByNome => SELECT p FROM Pesquisador p WHERE p.nome = :nome
Aug 16, 2009 1:11:40 PM org.hibernate.cfg.annotations.QueryBinder bindQuery
INFO: Binding Named query: Pesquisador.findBySenha => SELECT p FROM Pesquisador p WHERE p.senha = :senha
Aug 16, 2009 1:11:40 PM org.hibernate.cfg.annotations.EntityBinder bindTable
INFO: Bind entity br.com.marcelo.entities.Pesquisador on table pesquisador
Aug 16, 2009 1:11:40 PM org.hibernate.cfg.AnnotationConfiguration secondPassCompile
INFO: Hibernate Validator not found: ignoring
Aug 16, 2009 1:11:40 PM org.hibernate.connection.DriverManagerConnectionProvider configure
INFO: Using Hibernate built-in connection pool (not for production use!)
Aug 16, 2009 1:11:40 PM org.hibernate.connection.DriverManagerConnectionProvider configure
INFO: Hibernate connection pool size: 20
Aug 16, 2009 1:11:40 PM org.hibernate.connection.DriverManagerConnectionProvider configure
INFO: autocommit mode: true
Aug 16, 2009 1:11:40 PM org.hibernate.connection.DriverManagerConnectionProvider configure
INFO: using driver: org.postgresql.Driver at URL: jdbc:postgresql://localhost/inctc
Aug 16, 2009 1:11:40 PM org.hibernate.connection.DriverManagerConnectionProvider configure
INFO: connection properties: {user=marcelo, password=****, autocommit=true, release_mode=auto}
Aug 16, 2009 1:11:40 PM org.hibernate.cfg.SettingsFactory buildSettings
INFO: RDBMS: PostgreSQL, version: 8.4.0
Aug 16, 2009 1:11:40 PM org.hibernate.cfg.SettingsFactory buildSettings
INFO: JDBC driver: PostgreSQL Native Driver, version: PostgreSQL 8.3 JDBC3 with SSL (build 603)
Aug 16, 2009 1:11:40 PM org.hibernate.dialect.Dialect <init>
INFO: Using dialect: org.hibernate.dialect.PostgreSQLDialect
Aug 16, 2009 1:11:40 PM org.hibernate.transaction.TransactionFactoryFactory buildTransactionFactory
INFO: Transaction strategy: org.hibernate.transaction.JDBCTransactionFactory
Aug 16, 2009 1:11:40 PM org.hibernate.transaction.TransactionManagerLookupFactory getTransactionManagerLookup
INFO: No TransactionManagerLookup configured (in JTA environment, use of read-write or transactional second-level cache is not recommended)
Aug 16, 2009 1:11:40 PM org.hibernate.cfg.SettingsFactory buildSettings
INFO: Automatic flush during beforeCompletion(): disabled
Aug 16, 2009 1:11:40 PM org.hibernate.cfg.SettingsFactory buildSettings
INFO: Automatic session close at end of transaction: disabled
Aug 16, 2009 1:11:40 PM org.hibernate.cfg.SettingsFactory buildSettings
INFO: JDBC batch size: 15
Aug 16, 2009 1:11:40 PM org.hibernate.cfg.SettingsFactory buildSettings
INFO: JDBC batch updates for versioned data: disabled
Aug 16, 2009 1:11:40 PM org.hibernate.cfg.SettingsFactory buildSettings
INFO: Scrollable result sets: enabled
Aug 16, 2009 1:11:40 PM org.hibernate.cfg.SettingsFactory buildSettings
INFO: JDBC3 getGeneratedKeys(): disabled
Aug 16, 2009 1:11:40 PM org.hibernate.cfg.SettingsFactory buildSettings
INFO: Connection release mode: auto
Aug 16, 2009 1:11:40 PM org.hibernate.cfg.SettingsFactory buildSettings
INFO: Default batch fetch size: 1
Aug 16, 2009 1:11:40 PM org.hibernate.cfg.SettingsFactory buildSettings
INFO: Generate SQL with comments: disabled
Aug 16, 2009 1:11:40 PM org.hibernate.cfg.SettingsFactory buildSettings
INFO: Order SQL updates by primary key: disabled
Aug 16, 2009 1:11:40 PM org.hibernate.cfg.SettingsFactory buildSettings
INFO: Order SQL inserts for batching: disabled
Aug 16, 2009 1:11:40 PM org.hibernate.cfg.SettingsFactory createQueryTranslatorFactory
INFO: Query translator: org.hibernate.hql.ast.ASTQueryTranslatorFactory
Aug 16, 2009 1:11:40 PM org.hibernate.hql.ast.ASTQueryTranslatorFactory <init>
INFO: Using ASTQueryTranslatorFactory
Aug 16, 2009 1:11:40 PM org.hibernate.cfg.SettingsFactory buildSettings
INFO: Query language substitutions: {}
Aug 16, 2009 1:11:40 PM org.hibernate.cfg.SettingsFactory buildSettings
INFO: JPA-QL strict compliance: enabled
Aug 16, 2009 1:11:40 PM org.hibernate.cfg.SettingsFactory buildSettings
INFO: Second-level cache: enabled
Aug 16, 2009 1:11:40 PM org.hibernate.cfg.SettingsFactory buildSettings
INFO: Query cache: disabled
Aug 16, 2009 1:11:40 PM org.hibernate.cfg.SettingsFactory createCacheProvider
INFO: Cache provider: org.hibernate.cache.NoCacheProvider
Aug 16, 2009 1:11:40 PM org.hibernate.cfg.SettingsFactory buildSettings
INFO: Optimize cache for minimal puts: disabled
Aug 16, 2009 1:11:40 PM org.hibernate.cfg.SettingsFactory buildSettings
INFO: Structured second-level cache entries: disabled
Aug 16, 2009 1:11:40 PM org.hibernate.cfg.SettingsFactory buildSettings
INFO: Statistics: disabled
Aug 16, 2009 1:11:40 PM org.hibernate.cfg.SettingsFactory buildSettings
INFO: Deleted entity synthetic identifier rollback: disabled
Aug 16, 2009 1:11:40 PM org.hibernate.cfg.SettingsFactory buildSettings
INFO: Default entity-mode: pojo
Aug 16, 2009 1:11:40 PM org.hibernate.cfg.SettingsFactory buildSettings
INFO: Named query checking : enabled
Aug 16, 2009 1:11:40 PM org.hibernate.impl.SessionFactoryImpl <init>
INFO: building session factory
Aug 16, 2009 1:11:40 PM org.hibernate.impl.SessionFactoryObjectFactory addInstance
INFO: Not binding factory to JNDI, no JNDI name configured
]]></system-err>
</testsuite>
